Step: build-step-credential-initializer-6l2d7:

{"level":"warn","ts":1554480281.4580839,"logger":"fallback-logger","caller":"logging/config.go:65","msg":"Fetch GitHub commit ID from kodata failed: \"ref: refs/heads/backport-container-name-fix\" is not a valid GitHub commit ID"}
{"level":"info","ts":1554480281.4591765,"logger":"fallback-logger","caller":"creds-init/main.go:40","msg":"Credentials initialized."}
Step: build-step-git-source-*****-environment-d29-staging-master-v4zl:

{"level":"warn","ts":1554480283.0776598,"logger":"fallback-logger","caller":"logging/config.go:65","msg":"Fetch GitHub commit ID from kodata failed: \"ref: refs/heads/backport-container-name-fix\" is not a valid GitHub commit ID"}
{"level":"info","ts":1554480284.3732588,"logger":"fallback-logger","caller":"git-init/main.go:99","msg":"Successfully cloned \"https://github.com/*****/environment-d29-staging\" @ \"v0.0.26\" in path \"/workspace/source\""}
Step: build-step-place-tools:

Step: build-step-setup-**-git-credentials:

Generated Git credentials file /workspace/xdg_config/git/credentials
Step: build-step-build-helm-apply:

Modified file /workspace/source/env/Chart.yaml to set the chart to version 26
No $CHART_REPOSITORY defined so using the default value of: http://jenkins-x-chartmuseum:8080
Adding missing Helm repo: jenkins-x http://chartmuseum.jenkins-x.io
Successfully added Helm repository jenkins-x.
Adding missing Helm repo: releases http://jenkins-x-chartmuseum:8080
Successfully added Helm repository releases.
Applying helm chart at . as release name ** to namespace **-staging
Ignoring templates/.gitignore
Wrote chart values.yaml values.yaml generated from directory tree
generated helm values.yaml

PipelineSecrets: {}
cleanup:
  Annotations:
    helm.sh/hook: pre-delete
    helm.sh/hook-delete-policy: hook-succeeded
  Args:
  - --cleanup
controllerbuild:
  enabled: true
expose:
  Annotations:
    helm.sh/hook: post-install,post-upgrade
    helm.sh/hook-delete-policy: hook-succeeded
  Args:
  - --v
  - 4
  config:
    domain: 35.187.96.126.nip.io
    exposer: Ingress
    http: "true"
jenkins:
  Servers:
    Global:
      EnvVars:
        TILLER_NAMESPACE: kube-system
  enabled: false
prow: {}


Using values files: values.yaml
Applying chart overrides
Applying generated chart . YAML via kubectl in dir: /tmp/helm-template-workdir-046895937/**/output
role.rbac.authorization.k8s.io/cleanup configured
rolebinding.rbac.authorization.k8s.io/cleanup configured
serviceaccount/cleanup configured
configmap/exposecontroller configured
role.rbac.authorization.k8s.io/expose configured
rolebinding.rbac.authorization.k8s.io/expose configured
serviceaccount/expose configured
deployment.extensions/**-pytorch1 configured
release.jenkins.io/pytorch1-0.0.4 configured
service/pytorch1 configured
deployment.extensions/**-pytorch2 created
release.jenkins.io/pytorch2-0.0.1 created
service/pytorch2 created
deployment.extensions/**-tensorflow1 configured
release.jenkins.io/tensorflow1-0.0.9 configured
service/tensorflow1 configured
deployment.extensions/**-test115 configured
release.jenkins.io/test115-0.0.20 configured
service/test115 configured

Applying Helm hook post-upgrade YAML via kubectl in file: /tmp/helm-template-workdir-046895937/**/helmHooks/env/charts/expose/templates/job.yaml
job.batch/expose created

Waiting for helm post-upgrade hook Job expose to complete before removing it
Deleting helm hook sources from file: /tmp/helm-template-workdir-046895937/**/helmHooks/env/charts/expose/templates/job.yaml
job.batch "expose" deleted
Removing Kubernetes resources from older releases using selector: jenkins.io/chart-release=**,jenkins.io/version!=26 from all pvc configmap release sa role rolebinding secret
Removing Kubernetes resources from older releases using selector: jenkins.io/chart-release=**,jenkins.io/version!=26,jenkins.io/namespace=**-staging from clusterrole clusterrolebinding
